[2023-07-08T04:30:21.983+0000] {taskinstance.py:1165} INFO - Dependencies all met for <TaskInstance: xcom_dag.branch scheduled__2023-07-07T00:00:00+00:00 [queued]>
[2023-07-08T04:30:21.988+0000] {taskinstance.py:1165} INFO - Dependencies all met for <TaskInstance: xcom_dag.branch scheduled__2023-07-07T00:00:00+00:00 [queued]>
[2023-07-08T04:30:21.988+0000] {taskinstance.py:1362} INFO - 
--------------------------------------------------------------------------------
[2023-07-08T04:30:21.988+0000] {taskinstance.py:1363} INFO - Starting attempt 1 of 1
[2023-07-08T04:30:21.989+0000] {taskinstance.py:1364} INFO - 
--------------------------------------------------------------------------------
[2023-07-08T04:30:21.996+0000] {taskinstance.py:1383} INFO - Executing <Task(BranchPythonOperator): branch> on 2023-07-07 00:00:00+00:00
[2023-07-08T04:30:22.000+0000] {standard_task_runner.py:55} INFO - Started process 90864 to run task
[2023-07-08T04:30:22.003+0000] {standard_task_runner.py:82} INFO - Running: ['***', 'tasks', 'run', 'xcom_dag', 'branch', 'scheduled__2023-07-07T00:00:00+00:00', '--job-id', '50', '--raw', '--subdir', 'DAGS_FOLDER/xcom_dag.py', '--cfg-path', '/tmp/tmpp2g9vkvp']
[2023-07-08T04:30:22.004+0000] {standard_task_runner.py:83} INFO - Job 50: Subtask branch
[2023-07-08T04:30:22.055+0000] {task_command.py:376} INFO - Running <TaskInstance: xcom_dag.branch scheduled__2023-07-07T00:00:00+00:00 [running]> on host 1c40fa061aa3
[2023-07-08T04:30:22.111+0000] {taskinstance.py:1592} INFO - Exporting the following env vars:
AIRFLOW_CTX_DAG_OWNER=***
AIRFLOW_CTX_DAG_ID=xcom_dag
AIRFLOW_CTX_TASK_ID=branch
AIRFLOW_CTX_EXECUTION_DATE=2023-07-07T00:00:00+00:00
AIRFLOW_CTX_TRY_NUMBER=1
AIRFLOW_CTX_DAG_RUN_ID=scheduled__2023-07-07T00:00:00+00:00
[2023-07-08T04:30:22.123+0000] {python.py:177} INFO - Done. Returned value was: t2
[2023-07-08T04:30:22.124+0000] {skipmixin.py:155} INFO - Following branch t2
[2023-07-08T04:30:22.124+0000] {skipmixin.py:190} INFO - Skipping tasks ['t3']
[2023-07-08T04:30:22.168+0000] {taskinstance.py:1406} INFO - Marking task as SUCCESS. dag_id=xcom_dag, task_id=branch, execution_date=20230707T000000, start_date=20230708T043021, end_date=20230708T043022
[2023-07-08T04:30:22.216+0000] {local_task_job.py:164} INFO - Task exited with return code 0
[2023-07-08T04:30:22.243+0000] {local_task_job.py:273} INFO - 1 downstream tasks scheduled from follow-on schedule check
