[2023-07-08T05:05:32.642+0000] {taskinstance.py:1165} INFO - Dependencies all met for <TaskInstance: elastic_dag.print_es_info scheduled__2023-07-07T00:00:00+00:00 [queued]>
[2023-07-08T05:05:32.700+0000] {taskinstance.py:1165} INFO - Dependencies all met for <TaskInstance: elastic_dag.print_es_info scheduled__2023-07-07T00:00:00+00:00 [queued]>
[2023-07-08T05:05:32.700+0000] {taskinstance.py:1362} INFO - 
--------------------------------------------------------------------------------
[2023-07-08T05:05:32.701+0000] {taskinstance.py:1363} INFO - Starting attempt 1 of 1
[2023-07-08T05:05:32.701+0000] {taskinstance.py:1364} INFO - 
--------------------------------------------------------------------------------
[2023-07-08T05:05:32.718+0000] {taskinstance.py:1383} INFO - Executing <Task(PythonOperator): print_es_info> on 2023-07-07 00:00:00+00:00
[2023-07-08T05:05:32.724+0000] {standard_task_runner.py:55} INFO - Started process 79 to run task
[2023-07-08T05:05:32.729+0000] {standard_task_runner.py:82} INFO - Running: ['***', 'tasks', 'run', 'elastic_dag', 'print_es_info', 'scheduled__2023-07-07T00:00:00+00:00', '--job-id', '64', '--raw', '--subdir', 'DAGS_FOLDER/elastic_dag.py', '--cfg-path', '/tmp/tmprlr_jnmm']
[2023-07-08T05:05:32.730+0000] {standard_task_runner.py:83} INFO - Job 64: Subtask print_es_info
[2023-07-08T05:05:32.795+0000] {task_command.py:376} INFO - Running <TaskInstance: elastic_dag.print_es_info scheduled__2023-07-07T00:00:00+00:00 [running]> on host ba1708c4d320
[2023-07-08T05:05:32.851+0000] {taskinstance.py:1592} INFO - Exporting the following env vars:
AIRFLOW_CTX_DAG_OWNER=***
AIRFLOW_CTX_DAG_ID=elastic_dag
AIRFLOW_CTX_TASK_ID=print_es_info
AIRFLOW_CTX_EXECUTION_DATE=2023-07-07T00:00:00+00:00
AIRFLOW_CTX_TRY_NUMBER=1
AIRFLOW_CTX_DAG_RUN_ID=scheduled__2023-07-07T00:00:00+00:00
[2023-07-08T05:05:32.852+0000] {python.py:177} INFO - Done. Returned value was: None
[2023-07-08T05:05:32.862+0000] {taskinstance.py:1406} INFO - Marking task as SUCCESS. dag_id=elastic_dag, task_id=print_es_info, execution_date=20230707T000000, start_date=20230708T050532, end_date=20230708T050532
[2023-07-08T05:05:32.906+0000] {local_task_job.py:164} INFO - Task exited with return code 0
[2023-07-08T05:05:32.928+0000] {local_task_job.py:273} INFO - 0 downstream tasks scheduled from follow-on schedule check
