[2023-07-08T04:30:25.585+0000] {taskinstance.py:1165} INFO - Dependencies all met for <TaskInstance: xcom_dag.t4 scheduled__2023-07-07T00:00:00+00:00 [queued]>
[2023-07-08T04:30:25.600+0000] {taskinstance.py:1165} INFO - Dependencies all met for <TaskInstance: xcom_dag.t4 scheduled__2023-07-07T00:00:00+00:00 [queued]>
[2023-07-08T04:30:25.600+0000] {taskinstance.py:1362} INFO - 
--------------------------------------------------------------------------------
[2023-07-08T04:30:25.601+0000] {taskinstance.py:1363} INFO - Starting attempt 1 of 1
[2023-07-08T04:30:25.601+0000] {taskinstance.py:1364} INFO - 
--------------------------------------------------------------------------------
[2023-07-08T04:30:25.612+0000] {taskinstance.py:1383} INFO - Executing <Task(BashOperator): t4> on 2023-07-07 00:00:00+00:00
[2023-07-08T04:30:25.616+0000] {standard_task_runner.py:55} INFO - Started process 90883 to run task
[2023-07-08T04:30:25.620+0000] {standard_task_runner.py:82} INFO - Running: ['***', 'tasks', 'run', 'xcom_dag', 't4', 'scheduled__2023-07-07T00:00:00+00:00', '--job-id', '54', '--raw', '--subdir', 'DAGS_FOLDER/xcom_dag.py', '--cfg-path', '/tmp/tmpzrb6gzms']
[2023-07-08T04:30:25.621+0000] {standard_task_runner.py:83} INFO - Job 54: Subtask t4
[2023-07-08T04:30:25.680+0000] {task_command.py:376} INFO - Running <TaskInstance: xcom_dag.t4 scheduled__2023-07-07T00:00:00+00:00 [running]> on host 1c40fa061aa3
[2023-07-08T04:30:25.771+0000] {taskinstance.py:1592} INFO - Exporting the following env vars:
AIRFLOW_CTX_DAG_OWNER=***
AIRFLOW_CTX_DAG_ID=xcom_dag
AIRFLOW_CTX_TASK_ID=t4
AIRFLOW_CTX_EXECUTION_DATE=2023-07-07T00:00:00+00:00
AIRFLOW_CTX_TRY_NUMBER=1
AIRFLOW_CTX_DAG_RUN_ID=scheduled__2023-07-07T00:00:00+00:00
[2023-07-08T04:30:25.772+0000] {subprocess.py:63} INFO - Tmp dir root location: 
 /tmp
[2023-07-08T04:30:25.773+0000] {subprocess.py:75} INFO - Running command: ['/bin/bash', '-c', "echo ''"]
[2023-07-08T04:30:25.785+0000] {subprocess.py:86} INFO - Output:
[2023-07-08T04:30:25.787+0000] {subprocess.py:93} INFO - 
[2023-07-08T04:30:25.788+0000] {subprocess.py:97} INFO - Command exited with return code 0
[2023-07-08T04:30:25.812+0000] {taskinstance.py:1406} INFO - Marking task as SUCCESS. dag_id=xcom_dag, task_id=t4, execution_date=20230707T000000, start_date=20230708T043025, end_date=20230708T043025
[2023-07-08T04:30:25.836+0000] {local_task_job.py:164} INFO - Task exited with return code 0
[2023-07-08T04:30:25.850+0000] {local_task_job.py:273} INFO - 0 downstream tasks scheduled from follow-on schedule check
