[2023-07-08T04:30:36.790+0000] {taskinstance.py:1165} INFO - Dependencies all met for <TaskInstance: group_dag.check_files scheduled__2023-07-07T00:00:00+00:00 [queued]>
[2023-07-08T04:30:36.797+0000] {taskinstance.py:1165} INFO - Dependencies all met for <TaskInstance: group_dag.check_files scheduled__2023-07-07T00:00:00+00:00 [queued]>
[2023-07-08T04:30:36.798+0000] {taskinstance.py:1362} INFO - 
--------------------------------------------------------------------------------
[2023-07-08T04:30:36.798+0000] {taskinstance.py:1363} INFO - Starting attempt 1 of 1
[2023-07-08T04:30:36.798+0000] {taskinstance.py:1364} INFO - 
--------------------------------------------------------------------------------
[2023-07-08T04:30:36.807+0000] {taskinstance.py:1383} INFO - Executing <Task(BashOperator): check_files> on 2023-07-07 00:00:00+00:00
[2023-07-08T04:30:36.813+0000] {standard_task_runner.py:55} INFO - Started process 90897 to run task
[2023-07-08T04:30:36.817+0000] {standard_task_runner.py:82} INFO - Running: ['***', 'tasks', 'run', 'group_dag', 'check_files', 'scheduled__2023-07-07T00:00:00+00:00', '--job-id', '56', '--raw', '--subdir', 'DAGS_FOLDER/group_dag.py', '--cfg-path', '/tmp/tmpsy6qmjfq']
[2023-07-08T04:30:36.818+0000] {standard_task_runner.py:83} INFO - Job 56: Subtask check_files
[2023-07-08T04:30:36.877+0000] {task_command.py:376} INFO - Running <TaskInstance: group_dag.check_files scheduled__2023-07-07T00:00:00+00:00 [running]> on host 1c40fa061aa3
[2023-07-08T04:30:36.939+0000] {taskinstance.py:1592} INFO - Exporting the following env vars:
AIRFLOW_CTX_DAG_OWNER=***
AIRFLOW_CTX_DAG_ID=group_dag
AIRFLOW_CTX_TASK_ID=check_files
AIRFLOW_CTX_EXECUTION_DATE=2023-07-07T00:00:00+00:00
AIRFLOW_CTX_TRY_NUMBER=1
AIRFLOW_CTX_DAG_RUN_ID=scheduled__2023-07-07T00:00:00+00:00
[2023-07-08T04:30:36.940+0000] {subprocess.py:63} INFO - Tmp dir root location: 
 /tmp
[2023-07-08T04:30:36.941+0000] {subprocess.py:75} INFO - Running command: ['/bin/bash', '-c', 'sleep 10']
[2023-07-08T04:30:36.952+0000] {subprocess.py:86} INFO - Output:
[2023-07-08T04:30:46.956+0000] {subprocess.py:97} INFO - Command exited with return code 0
[2023-07-08T04:30:46.997+0000] {taskinstance.py:1406} INFO - Marking task as SUCCESS. dag_id=group_dag, task_id=check_files, execution_date=20230707T000000, start_date=20230708T043036, end_date=20230708T043046
[2023-07-08T04:30:47.056+0000] {local_task_job.py:164} INFO - Task exited with return code 0
[2023-07-08T04:30:47.077+0000] {local_task_job.py:273} INFO - 3 downstream tasks scheduled from follow-on schedule check
