[2023-07-07T00:27:18.598+0000] {taskinstance.py:1165} INFO - Dependencies all met for <TaskInstance: user_processing.extract_user scheduled__2023-07-06T00:00:00+00:00 [queued]>
[2023-07-07T00:27:18.609+0000] {taskinstance.py:1165} INFO - Dependencies all met for <TaskInstance: user_processing.extract_user scheduled__2023-07-06T00:00:00+00:00 [queued]>
[2023-07-07T00:27:18.612+0000] {taskinstance.py:1362} INFO - 
--------------------------------------------------------------------------------
[2023-07-07T00:27:18.612+0000] {taskinstance.py:1363} INFO - Starting attempt 1 of 1
[2023-07-07T00:27:18.613+0000] {taskinstance.py:1364} INFO - 
--------------------------------------------------------------------------------
[2023-07-07T00:27:18.622+0000] {taskinstance.py:1383} INFO - Executing <Task(SimpleHttpOperator): extract_user> on 2023-07-06 00:00:00+00:00
[2023-07-07T00:27:18.626+0000] {standard_task_runner.py:55} INFO - Started process 47636 to run task
[2023-07-07T00:27:18.636+0000] {standard_task_runner.py:82} INFO - Running: ['***', 'tasks', 'run', 'user_processing', 'extract_user', 'scheduled__2023-07-06T00:00:00+00:00', '--job-id', '41', '--raw', '--subdir', 'DAGS_FOLDER/user_processing.py', '--cfg-path', '/tmp/tmpxvnwrndo']
[2023-07-07T00:27:18.640+0000] {standard_task_runner.py:83} INFO - Job 41: Subtask extract_user
[2023-07-07T00:27:18.710+0000] {task_command.py:376} INFO - Running <TaskInstance: user_processing.extract_user scheduled__2023-07-06T00:00:00+00:00 [running]> on host 1c40fa061aa3
[2023-07-07T00:27:18.789+0000] {taskinstance.py:1592} INFO - Exporting the following env vars:
AIRFLOW_CTX_DAG_OWNER=***
AIRFLOW_CTX_DAG_ID=user_processing
AIRFLOW_CTX_TASK_ID=extract_user
AIRFLOW_CTX_EXECUTION_DATE=2023-07-06T00:00:00+00:00
AIRFLOW_CTX_TRY_NUMBER=1
AIRFLOW_CTX_DAG_RUN_ID=scheduled__2023-07-06T00:00:00+00:00
[2023-07-07T00:27:18.790+0000] {http.py:121} INFO - Calling HTTP method
[2023-07-07T00:27:18.803+0000] {base.py:71} INFO - Using connection ID 'user_api' for task execution.
[2023-07-07T00:27:18.805+0000] {http.py:148} INFO - Sending 'GET' to url: https://randomuser.me/api/
[2023-07-07T00:27:19.190+0000] {http.py:125} INFO - {"results":[{"gender":"male","name":{"title":"Mr","first":"Dave","last":"Jones"},"location":{"street":{"number":5992,"name":"E Center St"},"city":"Anaheim","state":"Maryland","country":"United States","postcode":78154,"coordinates":{"latitude":"89.4923","longitude":"-100.0061"},"timezone":{"offset":"+1:00","description":"Brussels, Copenhagen, Madrid, Paris"}},"email":"dave.jones@example.com","login":{"uuid":"3779206c-c095-4a39-8195-a7b91b09d0ae","username":"organicfrog666","password":"abcdefg","salt":"UcKvOpLH","md5":"27a5b0771aeb723c174dd138baa30b29","sha1":"dc99002b493ca96604d4e328fcb5b2ca681bef80","sha256":"5f03d61f4e77dd8809c5ad27cd72575c6508162b6fd6a1c5e8af14c75299ddd4"},"dob":{"date":"1970-01-12T00:38:51.310Z","age":53},"registered":{"date":"2016-03-16T13:45:12.834Z","age":7},"phone":"(270) 680-6918","cell":"(897) 861-6245","id":{"name":"SSN","value":"893-46-4869"},"picture":{"large":"https://randomuser.me/api/portraits/men/59.jpg","medium":"https://randomuser.me/api/portraits/med/men/59.jpg","thumbnail":"https://randomuser.me/api/portraits/thumb/men/59.jpg"},"nat":"US"}],"info":{"seed":"773cb56814a02bc9","results":1,"page":1,"version":"1.4"}}
[2023-07-07T00:27:19.252+0000] {taskinstance.py:1406} INFO - Marking task as SUCCESS. dag_id=user_processing, task_id=extract_user, execution_date=20230706T000000, start_date=20230707T002718, end_date=20230707T002719
[2023-07-07T00:27:19.285+0000] {local_task_job.py:164} INFO - Task exited with return code 0
[2023-07-07T00:27:19.333+0000] {local_task_job.py:273} INFO - 0 downstream tasks scheduled from follow-on schedule check
