[2023-07-08T00:04:53.259+0000] {taskinstance.py:1165} INFO - Dependencies all met for <TaskInstance: user_processing.store_user scheduled__2023-07-07T00:00:00+00:00 [queued]>
[2023-07-08T00:04:53.264+0000] {taskinstance.py:1165} INFO - Dependencies all met for <TaskInstance: user_processing.store_user scheduled__2023-07-07T00:00:00+00:00 [queued]>
[2023-07-08T00:04:53.264+0000] {taskinstance.py:1362} INFO - 
--------------------------------------------------------------------------------
[2023-07-08T00:04:53.265+0000] {taskinstance.py:1363} INFO - Starting attempt 1 of 1
[2023-07-08T00:04:53.265+0000] {taskinstance.py:1364} INFO - 
--------------------------------------------------------------------------------
[2023-07-08T00:04:53.272+0000] {taskinstance.py:1383} INFO - Executing <Task(PythonOperator): store_user> on 2023-07-07 00:00:00+00:00
[2023-07-08T00:04:53.277+0000] {standard_task_runner.py:55} INFO - Started process 82531 to run task
[2023-07-08T00:04:53.280+0000] {standard_task_runner.py:82} INFO - Running: ['***', 'tasks', 'run', 'user_processing', 'store_user', 'scheduled__2023-07-07T00:00:00+00:00', '--job-id', '48', '--raw', '--subdir', 'DAGS_FOLDER/user_processing.py', '--cfg-path', '/tmp/tmphslas95o']
[2023-07-08T00:04:53.282+0000] {standard_task_runner.py:83} INFO - Job 48: Subtask store_user
[2023-07-08T00:04:53.333+0000] {task_command.py:376} INFO - Running <TaskInstance: user_processing.store_user scheduled__2023-07-07T00:00:00+00:00 [running]> on host 1c40fa061aa3
[2023-07-08T00:04:53.385+0000] {taskinstance.py:1592} INFO - Exporting the following env vars:
AIRFLOW_CTX_DAG_OWNER=***
AIRFLOW_CTX_DAG_ID=user_processing
AIRFLOW_CTX_TASK_ID=store_user
AIRFLOW_CTX_EXECUTION_DATE=2023-07-07T00:00:00+00:00
AIRFLOW_CTX_TRY_NUMBER=1
AIRFLOW_CTX_DAG_RUN_ID=scheduled__2023-07-07T00:00:00+00:00
[2023-07-08T00:04:53.387+0000] {postgres.py:129} INFO - Running copy expert: COPY users FROM stdin WITH DELIMITER as ',', filename: /tmp/processed_user.csv
[2023-07-08T00:04:53.396+0000] {base.py:71} INFO - Using connection ID 'postgres' for task execution.
[2023-07-08T00:04:53.404+0000] {python.py:177} INFO - Done. Returned value was: None
[2023-07-08T00:04:53.415+0000] {taskinstance.py:1406} INFO - Marking task as SUCCESS. dag_id=user_processing, task_id=store_user, execution_date=20230707T000000, start_date=20230708T000453, end_date=20230708T000453
[2023-07-08T00:04:53.452+0000] {local_task_job.py:164} INFO - Task exited with return code 0
[2023-07-08T00:04:53.466+0000] {local_task_job.py:273} INFO - 0 downstream tasks scheduled from follow-on schedule check
