[2023-07-02T11:20:00.947+0000] {taskinstance.py:1165} INFO - Dependencies all met for <TaskInstance: user_processing.create_table manual__2023-07-02T11:19:58.973201+00:00 [queued]>
[2023-07-02T11:20:00.953+0000] {taskinstance.py:1165} INFO - Dependencies all met for <TaskInstance: user_processing.create_table manual__2023-07-02T11:19:58.973201+00:00 [queued]>
[2023-07-02T11:20:00.953+0000] {taskinstance.py:1362} INFO - 
--------------------------------------------------------------------------------
[2023-07-02T11:20:00.953+0000] {taskinstance.py:1363} INFO - Starting attempt 1 of 1
[2023-07-02T11:20:00.953+0000] {taskinstance.py:1364} INFO - 
--------------------------------------------------------------------------------
[2023-07-02T11:20:00.965+0000] {taskinstance.py:1383} INFO - Executing <Task(PostgresOperator): create_table> on 2023-07-02 11:19:58.973201+00:00
[2023-07-02T11:20:00.969+0000] {standard_task_runner.py:55} INFO - Started process 205 to run task
[2023-07-02T11:20:00.973+0000] {standard_task_runner.py:82} INFO - Running: ['***', 'tasks', 'run', 'user_processing', 'create_table', 'manual__2023-07-02T11:19:58.973201+00:00', '--job-id', '14', '--raw', '--subdir', 'DAGS_FOLDER/user_processing.py', '--cfg-path', '/tmp/tmp5xoy6vok']
[2023-07-02T11:20:00.974+0000] {standard_task_runner.py:83} INFO - Job 14: Subtask create_table
[2023-07-02T11:20:01.026+0000] {task_command.py:376} INFO - Running <TaskInstance: user_processing.create_table manual__2023-07-02T11:19:58.973201+00:00 [running]> on host 1c40fa061aa3
[2023-07-02T11:20:01.082+0000] {taskinstance.py:1592} INFO - Exporting the following env vars:
AIRFLOW_CTX_DAG_OWNER=***
AIRFLOW_CTX_DAG_ID=user_processing
AIRFLOW_CTX_TASK_ID=create_table
AIRFLOW_CTX_EXECUTION_DATE=2023-07-02T11:19:58.973201+00:00
AIRFLOW_CTX_TRY_NUMBER=1
AIRFLOW_CTX_DAG_RUN_ID=manual__2023-07-02T11:19:58.973201+00:00
[2023-07-02T11:20:01.093+0000] {base.py:71} INFO - Using connection ID 'postgres' for task execution.
[2023-07-02T11:20:01.098+0000] {sql.py:315} INFO - Running statement: 
            CREATE TABLE IF NOT EXISTS users (
                firstname TEXT NOT NULL,
                lastname TEXT NOT NULL,
                country TEXT NOT NULL,
                username TEXT NOT NULL,
                password TEXT NOT NULL,
                email TEXT NOT NULL
            );
        , parameters: None
[2023-07-02T11:20:01.099+0000] {postgres.py:96} INFO - NOTICE:  relation "users" already exists, skipping

[2023-07-02T11:20:01.108+0000] {taskinstance.py:1406} INFO - Marking task as SUCCESS. dag_id=user_processing, task_id=create_table, execution_date=20230702T111958, start_date=20230702T112000, end_date=20230702T112001
[2023-07-02T11:20:01.146+0000] {local_task_job.py:164} INFO - Task exited with return code 0
[2023-07-02T11:20:01.166+0000] {local_task_job.py:273} INFO - 1 downstream tasks scheduled from follow-on schedule check
