[2023-07-03T00:06:04.994+0000] {taskinstance.py:1165} INFO - Dependencies all met for <TaskInstance: user_processing.extract_user scheduled__2023-07-02T00:00:00+00:00 [queued]>
[2023-07-03T00:06:05.019+0000] {taskinstance.py:1165} INFO - Dependencies all met for <TaskInstance: user_processing.extract_user scheduled__2023-07-02T00:00:00+00:00 [queued]>
[2023-07-03T00:06:05.034+0000] {taskinstance.py:1362} INFO - 
--------------------------------------------------------------------------------
[2023-07-03T00:06:05.037+0000] {taskinstance.py:1363} INFO - Starting attempt 1 of 1
[2023-07-03T00:06:05.044+0000] {taskinstance.py:1364} INFO - 
--------------------------------------------------------------------------------
[2023-07-03T00:06:05.080+0000] {taskinstance.py:1383} INFO - Executing <Task(SimpleHttpOperator): extract_user> on 2023-07-02 00:00:00+00:00
[2023-07-03T00:06:05.088+0000] {standard_task_runner.py:55} INFO - Started process 8887 to run task
[2023-07-03T00:06:05.093+0000] {standard_task_runner.py:82} INFO - Running: ['***', 'tasks', 'run', 'user_processing', 'extract_user', 'scheduled__2023-07-02T00:00:00+00:00', '--job-id', '21', '--raw', '--subdir', 'DAGS_FOLDER/user_processing.py', '--cfg-path', '/tmp/tmpv8h3181b']
[2023-07-03T00:06:05.099+0000] {standard_task_runner.py:83} INFO - Job 21: Subtask extract_user
[2023-07-03T00:06:05.171+0000] {task_command.py:376} INFO - Running <TaskInstance: user_processing.extract_user scheduled__2023-07-02T00:00:00+00:00 [running]> on host 1c40fa061aa3
[2023-07-03T00:06:05.241+0000] {taskinstance.py:1592} INFO - Exporting the following env vars:
AIRFLOW_CTX_DAG_OWNER=***
AIRFLOW_CTX_DAG_ID=user_processing
AIRFLOW_CTX_TASK_ID=extract_user
AIRFLOW_CTX_EXECUTION_DATE=2023-07-02T00:00:00+00:00
AIRFLOW_CTX_TRY_NUMBER=1
AIRFLOW_CTX_DAG_RUN_ID=scheduled__2023-07-02T00:00:00+00:00
[2023-07-03T00:06:05.246+0000] {http.py:121} INFO - Calling HTTP method
[2023-07-03T00:06:05.257+0000] {base.py:71} INFO - Using connection ID 'user_api' for task execution.
[2023-07-03T00:06:05.259+0000] {http.py:148} INFO - Sending 'GET' to url: https://randomuser.me/api/
[2023-07-03T00:06:05.953+0000] {http.py:125} INFO - {"results":[{"gender":"male","name":{"title":"Mr","first":"Aljoša","last":"Tomašević"},"location":{"street":{"number":236,"name":"Slobodana SmilЈića"},"city":"Aranđelovac","state":"South Banat","country":"Serbia","postcode":95873,"coordinates":{"latitude":"57.6008","longitude":"-93.5049"},"timezone":{"offset":"-6:00","description":"Central Time (US & Canada), Mexico City"}},"email":"aljosa.tomasevic@example.com","login":{"uuid":"0d30c0cf-ade7-4313-8bf9-1664dc8ca380","username":"yellowmeercat195","password":"ramona","salt":"QZ3BmhpG","md5":"290061e2b3a3deb7eeef5f228076fdf7","sha1":"9217e1b86df75f45bdc5752e4430e77218eb7f24","sha256":"2983948cc27abc886bb711d10415a6804d836a946df38e94bc7ea052af591c2e"},"dob":{"date":"1967-09-10T07:38:29.066Z","age":55},"registered":{"date":"2011-01-04T15:38:13.863Z","age":12},"phone":"037-5762-502","cell":"065-8812-865","id":{"name":"SID","value":"410264026"},"picture":{"large":"https://randomuser.me/api/portraits/men/28.jpg","medium":"https://randomuser.me/api/portraits/med/men/28.jpg","thumbnail":"https://randomuser.me/api/portraits/thumb/men/28.jpg"},"nat":"RS"}],"info":{"seed":"162721fa5cd6b5cd","results":1,"page":1,"version":"1.4"}}
[2023-07-03T00:06:05.982+0000] {taskinstance.py:1406} INFO - Marking task as SUCCESS. dag_id=user_processing, task_id=extract_user, execution_date=20230702T000000, start_date=20230703T000605, end_date=20230703T000605
[2023-07-03T00:06:06.031+0000] {local_task_job.py:164} INFO - Task exited with return code 0
[2023-07-03T00:06:06.062+0000] {local_task_job.py:273} INFO - 1 downstream tasks scheduled from follow-on schedule check
