[2023-07-08T05:14:13.557+0000] {taskinstance.py:1165} INFO - Dependencies all met for <TaskInstance: parallel_dag.load_b scheduled__2023-07-07T00:00:00+00:00 [queued]>
[2023-07-08T05:14:13.568+0000] {taskinstance.py:1165} INFO - Dependencies all met for <TaskInstance: parallel_dag.load_b scheduled__2023-07-07T00:00:00+00:00 [queued]>
[2023-07-08T05:14:13.568+0000] {taskinstance.py:1362} INFO - 
--------------------------------------------------------------------------------
[2023-07-08T05:14:13.569+0000] {taskinstance.py:1363} INFO - Starting attempt 1 of 1
[2023-07-08T05:14:13.569+0000] {taskinstance.py:1364} INFO - 
--------------------------------------------------------------------------------
[2023-07-08T05:14:13.582+0000] {taskinstance.py:1383} INFO - Executing <Task(BashOperator): load_b> on 2023-07-07 00:00:00+00:00
[2023-07-08T05:14:13.587+0000] {standard_task_runner.py:55} INFO - Started process 99 to run task
[2023-07-08T05:14:13.594+0000] {standard_task_runner.py:82} INFO - Running: ['***', 'tasks', 'run', 'parallel_dag', 'load_b', 'scheduled__2023-07-07T00:00:00+00:00', '--job-id', '69', '--raw', '--subdir', 'DAGS_FOLDER/parallel_dag.py', '--cfg-path', '/tmp/tmpb_rby63e']
[2023-07-08T05:14:13.596+0000] {standard_task_runner.py:83} INFO - Job 69: Subtask load_b
[2023-07-08T05:14:13.651+0000] {task_command.py:376} INFO - Running <TaskInstance: parallel_dag.load_b scheduled__2023-07-07T00:00:00+00:00 [running]> on host 2cb83e4ced00
[2023-07-08T05:14:13.720+0000] {taskinstance.py:1592} INFO - Exporting the following env vars:
AIRFLOW_CTX_DAG_OWNER=***
AIRFLOW_CTX_DAG_ID=parallel_dag
AIRFLOW_CTX_TASK_ID=load_b
AIRFLOW_CTX_EXECUTION_DATE=2023-07-07T00:00:00+00:00
AIRFLOW_CTX_TRY_NUMBER=1
AIRFLOW_CTX_DAG_RUN_ID=scheduled__2023-07-07T00:00:00+00:00
[2023-07-08T05:14:13.721+0000] {subprocess.py:63} INFO - Tmp dir root location: 
 /tmp
[2023-07-08T05:14:13.725+0000] {subprocess.py:75} INFO - Running command: ['/bin/bash', '-c', 'sleep 1']
[2023-07-08T05:14:13.739+0000] {subprocess.py:86} INFO - Output:
[2023-07-08T05:14:14.748+0000] {subprocess.py:97} INFO - Command exited with return code 0
[2023-07-08T05:14:14.777+0000] {taskinstance.py:1406} INFO - Marking task as SUCCESS. dag_id=parallel_dag, task_id=load_b, execution_date=20230707T000000, start_date=20230708T051413, end_date=20230708T051414
[2023-07-08T05:14:14.841+0000] {local_task_job.py:164} INFO - Task exited with return code 0
[2023-07-08T05:14:14.864+0000] {local_task_job.py:273} INFO - 1 downstream tasks scheduled from follow-on schedule check
