[2023-07-02T10:04:08.318+0000] {taskinstance.py:1165} INFO - Dependencies all met for <TaskInstance: user_processing.extract_user manual__2023-07-02T10:04:06.845617+00:00 [queued]>
[2023-07-02T10:04:08.325+0000] {taskinstance.py:1165} INFO - Dependencies all met for <TaskInstance: user_processing.extract_user manual__2023-07-02T10:04:06.845617+00:00 [queued]>
[2023-07-02T10:04:08.326+0000] {taskinstance.py:1362} INFO - 
--------------------------------------------------------------------------------
[2023-07-02T10:04:08.326+0000] {taskinstance.py:1363} INFO - Starting attempt 1 of 1
[2023-07-02T10:04:08.327+0000] {taskinstance.py:1364} INFO - 
--------------------------------------------------------------------------------
[2023-07-02T10:04:08.340+0000] {taskinstance.py:1383} INFO - Executing <Task(SimpleHttpOperator): extract_user> on 2023-07-02 10:04:06.845617+00:00
[2023-07-02T10:04:08.347+0000] {standard_task_runner.py:55} INFO - Started process 43099 to run task
[2023-07-02T10:04:08.361+0000] {standard_task_runner.py:82} INFO - Running: ['***', 'tasks', 'run', 'user_processing', 'extract_user', 'manual__2023-07-02T10:04:06.845617+00:00', '--job-id', '7', '--raw', '--subdir', 'DAGS_FOLDER/user_processing.py', '--cfg-path', '/tmp/tmp3veeendf']
[2023-07-02T10:04:08.369+0000] {standard_task_runner.py:83} INFO - Job 7: Subtask extract_user
[2023-07-02T10:04:08.468+0000] {task_command.py:376} INFO - Running <TaskInstance: user_processing.extract_user manual__2023-07-02T10:04:06.845617+00:00 [running]> on host 1c40fa061aa3
[2023-07-02T10:04:08.553+0000] {taskinstance.py:1592} INFO - Exporting the following env vars:
AIRFLOW_CTX_DAG_OWNER=***
AIRFLOW_CTX_DAG_ID=user_processing
AIRFLOW_CTX_TASK_ID=extract_user
AIRFLOW_CTX_EXECUTION_DATE=2023-07-02T10:04:06.845617+00:00
AIRFLOW_CTX_TRY_NUMBER=1
AIRFLOW_CTX_DAG_RUN_ID=manual__2023-07-02T10:04:06.845617+00:00
[2023-07-02T10:04:08.555+0000] {http.py:121} INFO - Calling HTTP method
[2023-07-02T10:04:08.577+0000] {base.py:71} INFO - Using connection ID 'user_api' for task execution.
[2023-07-02T10:04:08.594+0000] {http.py:148} INFO - Sending 'GET' to url: https://randomuser.me/api/
[2023-07-02T10:04:09.474+0000] {http.py:125} INFO - {"results":[{"gender":"female","name":{"title":"Ms","first":"Amanda","last":"Tanner"},"location":{"street":{"number":4136,"name":"H채meenkatu"},"city":"J채rvenp채채","state":"Southern Savonia","country":"Finland","postcode":30337,"coordinates":{"latitude":"-25.5109","longitude":"154.5443"},"timezone":{"offset":"-4:00","description":"Atlantic Time (Canada), Caracas, La Paz"}},"email":"amanda.tanner@example.com","login":{"uuid":"0ee4633c-3d8d-4fbe-b343-fd8751088048","username":"bluewolf847","password":"dogs","salt":"ZG17R5Co","md5":"9c8ff5dcaf72e89e0253d6d22a390627","sha1":"2a35a3f9b7b5cfa2dd189a247005aaf911783c7d","sha256":"5dd3faa9038f2ff773fd1a72792c9501a0bb4230a19a310bf5f82bdeb2083156"},"dob":{"date":"1976-01-26T09:57:47.245Z","age":47},"registered":{"date":"2011-11-23T19:38:15.310Z","age":11},"phone":"02-055-025","cell":"043-142-25-23","id":{"name":"HETU","value":"NaNNA908undefined"},"picture":{"large":"https://randomuser.me/api/portraits/women/32.jpg","medium":"https://randomuser.me/api/portraits/med/women/32.jpg","thumbnail":"https://randomuser.me/api/portraits/thumb/women/32.jpg"},"nat":"FI"}],"info":{"seed":"132e470bf227e412","results":1,"page":1,"version":"1.4"}}
[2023-07-02T10:04:09.509+0000] {taskinstance.py:1406} INFO - Marking task as SUCCESS. dag_id=user_processing, task_id=extract_user, execution_date=20230702T100406, start_date=20230702T100408, end_date=20230702T100409
[2023-07-02T10:04:09.553+0000] {local_task_job.py:164} INFO - Task exited with return code 0
[2023-07-02T10:04:09.573+0000] {local_task_job.py:273} INFO - 1 downstream tasks scheduled from follow-on schedule check
