[2023-07-08T04:30:47.733+0000] {taskinstance.py:1165} INFO - Dependencies all met for <TaskInstance: group_dag.transforms.transform_c scheduled__2023-07-07T00:00:00+00:00 [queued]>
[2023-07-08T04:30:47.740+0000] {taskinstance.py:1165} INFO - Dependencies all met for <TaskInstance: group_dag.transforms.transform_c scheduled__2023-07-07T00:00:00+00:00 [queued]>
[2023-07-08T04:30:47.741+0000] {taskinstance.py:1362} INFO - 
--------------------------------------------------------------------------------
[2023-07-08T04:30:47.742+0000] {taskinstance.py:1363} INFO - Starting attempt 1 of 1
[2023-07-08T04:30:47.743+0000] {taskinstance.py:1364} INFO - 
--------------------------------------------------------------------------------
[2023-07-08T04:30:47.755+0000] {taskinstance.py:1383} INFO - Executing <Task(BashOperator): transforms.transform_c> on 2023-07-07 00:00:00+00:00
[2023-07-08T04:30:47.763+0000] {standard_task_runner.py:55} INFO - Started process 90912 to run task
[2023-07-08T04:30:47.771+0000] {standard_task_runner.py:82} INFO - Running: ['***', 'tasks', 'run', 'group_dag', 'transforms.transform_c', 'scheduled__2023-07-07T00:00:00+00:00', '--job-id', '58', '--raw', '--subdir', 'DAGS_FOLDER/group_dag.py', '--cfg-path', '/tmp/tmpw9xp58pb']
[2023-07-08T04:30:47.772+0000] {standard_task_runner.py:83} INFO - Job 58: Subtask transforms.transform_c
[2023-07-08T04:30:47.871+0000] {task_command.py:376} INFO - Running <TaskInstance: group_dag.transforms.transform_c scheduled__2023-07-07T00:00:00+00:00 [running]> on host 1c40fa061aa3
[2023-07-08T04:30:47.970+0000] {taskinstance.py:1592} INFO - Exporting the following env vars:
AIRFLOW_CTX_DAG_OWNER=***
AIRFLOW_CTX_DAG_ID=group_dag
AIRFLOW_CTX_TASK_ID=transforms.transform_c
AIRFLOW_CTX_EXECUTION_DATE=2023-07-07T00:00:00+00:00
AIRFLOW_CTX_TRY_NUMBER=1
AIRFLOW_CTX_DAG_RUN_ID=scheduled__2023-07-07T00:00:00+00:00
[2023-07-08T04:30:47.973+0000] {subprocess.py:63} INFO - Tmp dir root location: 
 /tmp
[2023-07-08T04:30:47.973+0000] {subprocess.py:75} INFO - Running command: ['/bin/bash', '-c', 'sleep 10']
[2023-07-08T04:30:47.987+0000] {subprocess.py:86} INFO - Output:
[2023-07-08T04:30:57.992+0000] {subprocess.py:97} INFO - Command exited with return code 0
[2023-07-08T04:30:58.114+0000] {taskinstance.py:1406} INFO - Marking task as SUCCESS. dag_id=group_dag, task_id=transforms.transform_c, execution_date=20230707T000000, start_date=20230708T043047, end_date=20230708T043058
[2023-07-08T04:30:58.194+0000] {local_task_job.py:164} INFO - Task exited with return code 0
[2023-07-08T04:30:58.225+0000] {local_task_job.py:273} INFO - 0 downstream tasks scheduled from follow-on schedule check
