[2023-07-07T00:27:21.848+0000] {taskinstance.py:1165} INFO - Dependencies all met for <TaskInstance: user_processing.store_user scheduled__2023-07-06T00:00:00+00:00 [queued]>
[2023-07-07T00:27:21.853+0000] {taskinstance.py:1165} INFO - Dependencies all met for <TaskInstance: user_processing.store_user scheduled__2023-07-06T00:00:00+00:00 [queued]>
[2023-07-07T00:27:21.853+0000] {taskinstance.py:1362} INFO - 
--------------------------------------------------------------------------------
[2023-07-07T00:27:21.853+0000] {taskinstance.py:1363} INFO - Starting attempt 1 of 1
[2023-07-07T00:27:21.854+0000] {taskinstance.py:1364} INFO - 
--------------------------------------------------------------------------------
[2023-07-07T00:27:21.860+0000] {taskinstance.py:1383} INFO - Executing <Task(PythonOperator): store_user> on 2023-07-06 00:00:00+00:00
[2023-07-07T00:27:21.864+0000] {standard_task_runner.py:55} INFO - Started process 47642 to run task
[2023-07-07T00:27:21.868+0000] {standard_task_runner.py:82} INFO - Running: ['***', 'tasks', 'run', 'user_processing', 'store_user', 'scheduled__2023-07-06T00:00:00+00:00', '--job-id', '43', '--raw', '--subdir', 'DAGS_FOLDER/user_processing.py', '--cfg-path', '/tmp/tmp3m3cr05n']
[2023-07-07T00:27:21.870+0000] {standard_task_runner.py:83} INFO - Job 43: Subtask store_user
[2023-07-07T00:27:21.926+0000] {task_command.py:376} INFO - Running <TaskInstance: user_processing.store_user scheduled__2023-07-06T00:00:00+00:00 [running]> on host 1c40fa061aa3
[2023-07-07T00:27:21.995+0000] {taskinstance.py:1592} INFO - Exporting the following env vars:
AIRFLOW_CTX_DAG_OWNER=***
AIRFLOW_CTX_DAG_ID=user_processing
AIRFLOW_CTX_TASK_ID=store_user
AIRFLOW_CTX_EXECUTION_DATE=2023-07-06T00:00:00+00:00
AIRFLOW_CTX_TRY_NUMBER=1
AIRFLOW_CTX_DAG_RUN_ID=scheduled__2023-07-06T00:00:00+00:00
[2023-07-07T00:27:21.996+0000] {postgres.py:129} INFO - Running copy expert: COPY users FROM stdin WITH DELIMITER as ',', filename: /tmp/processed_user.csv
[2023-07-07T00:27:22.006+0000] {base.py:71} INFO - Using connection ID 'postgres' for task execution.
[2023-07-07T00:27:22.014+0000] {python.py:177} INFO - Done. Returned value was: None
[2023-07-07T00:27:22.024+0000] {taskinstance.py:1406} INFO - Marking task as SUCCESS. dag_id=user_processing, task_id=store_user, execution_date=20230706T000000, start_date=20230707T002721, end_date=20230707T002722
[2023-07-07T00:27:22.041+0000] {local_task_job.py:164} INFO - Task exited with return code 0
[2023-07-07T00:27:22.056+0000] {local_task_job.py:273} INFO - 0 downstream tasks scheduled from follow-on schedule check
