[2023-07-02T11:20:03.988+0000] {taskinstance.py:1165} INFO - Dependencies all met for <TaskInstance: user_processing.extract_user manual__2023-07-02T11:19:58.973201+00:00 [queued]>
[2023-07-02T11:20:03.993+0000] {taskinstance.py:1165} INFO - Dependencies all met for <TaskInstance: user_processing.extract_user manual__2023-07-02T11:19:58.973201+00:00 [queued]>
[2023-07-02T11:20:03.993+0000] {taskinstance.py:1362} INFO - 
--------------------------------------------------------------------------------
[2023-07-02T11:20:03.994+0000] {taskinstance.py:1363} INFO - Starting attempt 1 of 1
[2023-07-02T11:20:03.994+0000] {taskinstance.py:1364} INFO - 
--------------------------------------------------------------------------------
[2023-07-02T11:20:04.000+0000] {taskinstance.py:1383} INFO - Executing <Task(SimpleHttpOperator): extract_user> on 2023-07-02 11:19:58.973201+00:00
[2023-07-02T11:20:04.004+0000] {standard_task_runner.py:55} INFO - Started process 220 to run task
[2023-07-02T11:20:04.009+0000] {standard_task_runner.py:82} INFO - Running: ['***', 'tasks', 'run', 'user_processing', 'extract_user', 'manual__2023-07-02T11:19:58.973201+00:00', '--job-id', '16', '--raw', '--subdir', 'DAGS_FOLDER/user_processing.py', '--cfg-path', '/tmp/tmp6v2bq4rh']
[2023-07-02T11:20:04.011+0000] {standard_task_runner.py:83} INFO - Job 16: Subtask extract_user
[2023-07-02T11:20:04.068+0000] {task_command.py:376} INFO - Running <TaskInstance: user_processing.extract_user manual__2023-07-02T11:19:58.973201+00:00 [running]> on host 1c40fa061aa3
[2023-07-02T11:20:04.120+0000] {taskinstance.py:1592} INFO - Exporting the following env vars:
AIRFLOW_CTX_DAG_OWNER=***
AIRFLOW_CTX_DAG_ID=user_processing
AIRFLOW_CTX_TASK_ID=extract_user
AIRFLOW_CTX_EXECUTION_DATE=2023-07-02T11:19:58.973201+00:00
AIRFLOW_CTX_TRY_NUMBER=1
AIRFLOW_CTX_DAG_RUN_ID=manual__2023-07-02T11:19:58.973201+00:00
[2023-07-02T11:20:04.121+0000] {http.py:121} INFO - Calling HTTP method
[2023-07-02T11:20:04.129+0000] {base.py:71} INFO - Using connection ID 'user_api' for task execution.
[2023-07-02T11:20:04.130+0000] {http.py:148} INFO - Sending 'GET' to url: https://randomuser.me/api/
[2023-07-02T11:20:04.764+0000] {http.py:125} INFO - {"results":[{"gender":"female","name":{"title":"Miss","first":"Tara","last":"Tucker"},"location":{"street":{"number":6767,"name":"Depaul Dr"},"city":"Ennis","state":"Mississippi","country":"United States","postcode":33644,"coordinates":{"latitude":"85.4705","longitude":"27.2367"},"timezone":{"offset":"+5:45","description":"Kathmandu"}},"email":"tara.tucker@example.com","login":{"uuid":"ee2ca247-4a7c-4966-b125-268db28d240e","username":"goldencat481","password":"bella","salt":"PDVJxxBe","md5":"a1c6c5933fd461e1b99b7daeebfbca27","sha1":"d3fa5c4eb1981d6a1e5b22721fcd85bb9d708cc9","sha256":"f09022e98700f4a9ccb425dc26db4fc8b64bd5495e4a61abf5366338c7253f38"},"dob":{"date":"1975-04-18T03:28:32.331Z","age":48},"registered":{"date":"2019-03-19T03:07:11.606Z","age":4},"phone":"(358) 320-9588","cell":"(895) 929-7220","id":{"name":"SSN","value":"857-36-8860"},"picture":{"large":"https://randomuser.me/api/portraits/women/69.jpg","medium":"https://randomuser.me/api/portraits/med/women/69.jpg","thumbnail":"https://randomuser.me/api/portraits/thumb/women/69.jpg"},"nat":"US"}],"info":{"seed":"1f444388a4b3ccf1","results":1,"page":1,"version":"1.4"}}
[2023-07-02T11:20:04.807+0000] {taskinstance.py:1406} INFO - Marking task as SUCCESS. dag_id=user_processing, task_id=extract_user, execution_date=20230702T111958, start_date=20230702T112003, end_date=20230702T112004
[2023-07-02T11:20:04.841+0000] {local_task_job.py:164} INFO - Task exited with return code 0
[2023-07-02T11:20:04.864+0000] {local_task_job.py:273} INFO - 1 downstream tasks scheduled from follow-on schedule check
