[2023-07-06T00:07:34.252+0000] {taskinstance.py:1165} INFO - Dependencies all met for <TaskInstance: user_processing.extract_user scheduled__2023-07-05T00:00:00+00:00 [queued]>
[2023-07-06T00:07:34.258+0000] {taskinstance.py:1165} INFO - Dependencies all met for <TaskInstance: user_processing.extract_user scheduled__2023-07-05T00:00:00+00:00 [queued]>
[2023-07-06T00:07:34.258+0000] {taskinstance.py:1362} INFO - 
--------------------------------------------------------------------------------
[2023-07-06T00:07:34.258+0000] {taskinstance.py:1363} INFO - Starting attempt 1 of 1
[2023-07-06T00:07:34.258+0000] {taskinstance.py:1364} INFO - 
--------------------------------------------------------------------------------
[2023-07-06T00:07:34.265+0000] {taskinstance.py:1383} INFO - Executing <Task(SimpleHttpOperator): extract_user> on 2023-07-05 00:00:00+00:00
[2023-07-06T00:07:34.269+0000] {standard_task_runner.py:55} INFO - Started process 14123 to run task
[2023-07-06T00:07:34.274+0000] {standard_task_runner.py:82} INFO - Running: ['***', 'tasks', 'run', 'user_processing', 'extract_user', 'scheduled__2023-07-05T00:00:00+00:00', '--job-id', '36', '--raw', '--subdir', 'DAGS_FOLDER/user_processing.py', '--cfg-path', '/tmp/tmpcydhkio4']
[2023-07-06T00:07:34.276+0000] {standard_task_runner.py:83} INFO - Job 36: Subtask extract_user
[2023-07-06T00:07:34.337+0000] {task_command.py:376} INFO - Running <TaskInstance: user_processing.extract_user scheduled__2023-07-05T00:00:00+00:00 [running]> on host 1c40fa061aa3
[2023-07-06T00:07:34.399+0000] {taskinstance.py:1592} INFO - Exporting the following env vars:
AIRFLOW_CTX_DAG_OWNER=***
AIRFLOW_CTX_DAG_ID=user_processing
AIRFLOW_CTX_TASK_ID=extract_user
AIRFLOW_CTX_EXECUTION_DATE=2023-07-05T00:00:00+00:00
AIRFLOW_CTX_TRY_NUMBER=1
AIRFLOW_CTX_DAG_RUN_ID=scheduled__2023-07-05T00:00:00+00:00
[2023-07-06T00:07:34.401+0000] {http.py:121} INFO - Calling HTTP method
[2023-07-06T00:07:34.412+0000] {base.py:71} INFO - Using connection ID 'user_api' for task execution.
[2023-07-06T00:07:34.414+0000] {http.py:148} INFO - Sending 'GET' to url: https://randomuser.me/api/
[2023-07-06T00:07:34.819+0000] {http.py:125} INFO - {"results":[{"gender":"male","name":{"title":"Mr","first":"Fabien","last":"Robin"},"location":{"street":{"number":2807,"name":"Rue de la Gare"},"city":"Nancy","state":"Ille-et-Vilaine","country":"France","postcode":24986,"coordinates":{"latitude":"-14.3770","longitude":"-161.2185"},"timezone":{"offset":"+7:00","description":"Bangkok, Hanoi, Jakarta"}},"email":"fabien.robin@example.com","login":{"uuid":"4ed4a872-ca8b-4da7-9f0a-07742eb28f7c","username":"angrymouse154","password":"ying","salt":"WNGS1OCL","md5":"5e1a744d96a2702e1676e079f07b71cc","sha1":"d8a4605f748f55b150b9ba83d5f383309b95d10e","sha256":"28aa5e79398b0b845a1d19137c6a2aa01a39ce13decc6e8ff725e753ca61f879"},"dob":{"date":"1970-07-16T20:14:27.743Z","age":52},"registered":{"date":"2012-03-06T01:57:30.279Z","age":11},"phone":"01-96-15-94-70","cell":"06-17-66-95-17","id":{"name":"INSEE","value":"1700654611383 16"},"picture":{"large":"https://randomuser.me/api/portraits/men/29.jpg","medium":"https://randomuser.me/api/portraits/med/men/29.jpg","thumbnail":"https://randomuser.me/api/portraits/thumb/men/29.jpg"},"nat":"FR"}],"info":{"seed":"5313d2c4e2809301","results":1,"page":1,"version":"1.4"}}
[2023-07-06T00:07:34.850+0000] {taskinstance.py:1406} INFO - Marking task as SUCCESS. dag_id=user_processing, task_id=extract_user, execution_date=20230705T000000, start_date=20230706T000734, end_date=20230706T000734
[2023-07-06T00:07:34.889+0000] {local_task_job.py:164} INFO - Task exited with return code 0
[2023-07-06T00:07:34.932+0000] {local_task_job.py:273} INFO - 1 downstream tasks scheduled from follow-on schedule check
