[2023-07-06T00:07:35.528+0000] {taskinstance.py:1165} INFO - Dependencies all met for <TaskInstance: user_processing.process_user scheduled__2023-07-05T00:00:00+00:00 [queued]>
[2023-07-06T00:07:35.545+0000] {taskinstance.py:1165} INFO - Dependencies all met for <TaskInstance: user_processing.process_user scheduled__2023-07-05T00:00:00+00:00 [queued]>
[2023-07-06T00:07:35.546+0000] {taskinstance.py:1362} INFO - 
--------------------------------------------------------------------------------
[2023-07-06T00:07:35.546+0000] {taskinstance.py:1363} INFO - Starting attempt 1 of 1
[2023-07-06T00:07:35.548+0000] {taskinstance.py:1364} INFO - 
--------------------------------------------------------------------------------
[2023-07-06T00:07:35.560+0000] {taskinstance.py:1383} INFO - Executing <Task(PythonOperator): process_user> on 2023-07-05 00:00:00+00:00
[2023-07-06T00:07:35.565+0000] {standard_task_runner.py:55} INFO - Started process 14126 to run task
[2023-07-06T00:07:35.579+0000] {standard_task_runner.py:82} INFO - Running: ['***', 'tasks', 'run', 'user_processing', 'process_user', 'scheduled__2023-07-05T00:00:00+00:00', '--job-id', '37', '--raw', '--subdir', 'DAGS_FOLDER/user_processing.py', '--cfg-path', '/tmp/tmpiy5ney9h']
[2023-07-06T00:07:35.588+0000] {standard_task_runner.py:83} INFO - Job 37: Subtask process_user
[2023-07-06T00:07:35.696+0000] {task_command.py:376} INFO - Running <TaskInstance: user_processing.process_user scheduled__2023-07-05T00:00:00+00:00 [running]> on host 1c40fa061aa3
[2023-07-06T00:07:35.771+0000] {taskinstance.py:1592} INFO - Exporting the following env vars:
AIRFLOW_CTX_DAG_OWNER=***
AIRFLOW_CTX_DAG_ID=user_processing
AIRFLOW_CTX_TASK_ID=process_user
AIRFLOW_CTX_EXECUTION_DATE=2023-07-05T00:00:00+00:00
AIRFLOW_CTX_TRY_NUMBER=1
AIRFLOW_CTX_DAG_RUN_ID=scheduled__2023-07-05T00:00:00+00:00
[2023-07-06T00:07:35.799+0000] {python.py:177} INFO - Done. Returned value was: None
[2023-07-06T00:07:35.809+0000] {taskinstance.py:1406} INFO - Marking task as SUCCESS. dag_id=user_processing, task_id=process_user, execution_date=20230705T000000, start_date=20230706T000735, end_date=20230706T000735
[2023-07-06T00:07:35.866+0000] {local_task_job.py:164} INFO - Task exited with return code 0
[2023-07-06T00:07:35.886+0000] {local_task_job.py:273} INFO - 1 downstream tasks scheduled from follow-on schedule check
