[2023-07-08T00:04:48.574+0000] {taskinstance.py:1165} INFO - Dependencies all met for <TaskInstance: user_processing.is_api_available scheduled__2023-07-07T00:00:00+00:00 [queued]>
[2023-07-08T00:04:48.582+0000] {taskinstance.py:1165} INFO - Dependencies all met for <TaskInstance: user_processing.is_api_available scheduled__2023-07-07T00:00:00+00:00 [queued]>
[2023-07-08T00:04:48.586+0000] {taskinstance.py:1362} INFO - 
--------------------------------------------------------------------------------
[2023-07-08T00:04:48.587+0000] {taskinstance.py:1363} INFO - Starting attempt 1 of 1
[2023-07-08T00:04:48.588+0000] {taskinstance.py:1364} INFO - 
--------------------------------------------------------------------------------
[2023-07-08T00:04:48.606+0000] {taskinstance.py:1383} INFO - Executing <Task(HttpSensor): is_api_available> on 2023-07-07 00:00:00+00:00
[2023-07-08T00:04:48.612+0000] {standard_task_runner.py:55} INFO - Started process 82522 to run task
[2023-07-08T00:04:48.621+0000] {standard_task_runner.py:82} INFO - Running: ['***', 'tasks', 'run', 'user_processing', 'is_api_available', 'scheduled__2023-07-07T00:00:00+00:00', '--job-id', '45', '--raw', '--subdir', 'DAGS_FOLDER/user_processing.py', '--cfg-path', '/tmp/tmp046x3fg8']
[2023-07-08T00:04:48.623+0000] {standard_task_runner.py:83} INFO - Job 45: Subtask is_api_available
[2023-07-08T00:04:48.702+0000] {task_command.py:376} INFO - Running <TaskInstance: user_processing.is_api_available scheduled__2023-07-07T00:00:00+00:00 [running]> on host 1c40fa061aa3
[2023-07-08T00:04:48.778+0000] {taskinstance.py:1592} INFO - Exporting the following env vars:
AIRFLOW_CTX_DAG_OWNER=***
AIRFLOW_CTX_DAG_ID=user_processing
AIRFLOW_CTX_TASK_ID=is_api_available
AIRFLOW_CTX_EXECUTION_DATE=2023-07-07T00:00:00+00:00
AIRFLOW_CTX_TRY_NUMBER=1
AIRFLOW_CTX_DAG_RUN_ID=scheduled__2023-07-07T00:00:00+00:00
[2023-07-08T00:04:48.779+0000] {http.py:120} INFO - Poking: api/
[2023-07-08T00:04:48.801+0000] {base.py:71} INFO - Using connection ID 'user_api' for task execution.
[2023-07-08T00:04:48.806+0000] {http.py:148} INFO - Sending 'GET' to url: https://randomuser.me/api/
[2023-07-08T00:04:49.258+0000] {base.py:213} INFO - Success criteria met. Exiting.
[2023-07-08T00:04:49.270+0000] {taskinstance.py:1406} INFO - Marking task as SUCCESS. dag_id=user_processing, task_id=is_api_available, execution_date=20230707T000000, start_date=20230708T000448, end_date=20230708T000449
[2023-07-08T00:04:49.315+0000] {local_task_job.py:164} INFO - Task exited with return code 0
[2023-07-08T00:04:49.349+0000] {local_task_job.py:273} INFO - 1 downstream tasks scheduled from follow-on schedule check
