[2023-07-08T00:04:50.634+0000] {taskinstance.py:1165} INFO - Dependencies all met for <TaskInstance: user_processing.extract_user scheduled__2023-07-07T00:00:00+00:00 [queued]>
[2023-07-08T00:04:50.643+0000] {taskinstance.py:1165} INFO - Dependencies all met for <TaskInstance: user_processing.extract_user scheduled__2023-07-07T00:00:00+00:00 [queued]>
[2023-07-08T00:04:50.645+0000] {taskinstance.py:1362} INFO - 
--------------------------------------------------------------------------------
[2023-07-08T00:04:50.646+0000] {taskinstance.py:1363} INFO - Starting attempt 1 of 1
[2023-07-08T00:04:50.647+0000] {taskinstance.py:1364} INFO - 
--------------------------------------------------------------------------------
[2023-07-08T00:04:50.659+0000] {taskinstance.py:1383} INFO - Executing <Task(SimpleHttpOperator): extract_user> on 2023-07-07 00:00:00+00:00
[2023-07-08T00:04:50.664+0000] {standard_task_runner.py:55} INFO - Started process 82525 to run task
[2023-07-08T00:04:50.670+0000] {standard_task_runner.py:82} INFO - Running: ['***', 'tasks', 'run', 'user_processing', 'extract_user', 'scheduled__2023-07-07T00:00:00+00:00', '--job-id', '46', '--raw', '--subdir', 'DAGS_FOLDER/user_processing.py', '--cfg-path', '/tmp/tmpfg0ub0xs']
[2023-07-08T00:04:50.673+0000] {standard_task_runner.py:83} INFO - Job 46: Subtask extract_user
[2023-07-08T00:04:50.748+0000] {task_command.py:376} INFO - Running <TaskInstance: user_processing.extract_user scheduled__2023-07-07T00:00:00+00:00 [running]> on host 1c40fa061aa3
[2023-07-08T00:04:50.829+0000] {taskinstance.py:1592} INFO - Exporting the following env vars:
AIRFLOW_CTX_DAG_OWNER=***
AIRFLOW_CTX_DAG_ID=user_processing
AIRFLOW_CTX_TASK_ID=extract_user
AIRFLOW_CTX_EXECUTION_DATE=2023-07-07T00:00:00+00:00
AIRFLOW_CTX_TRY_NUMBER=1
AIRFLOW_CTX_DAG_RUN_ID=scheduled__2023-07-07T00:00:00+00:00
[2023-07-08T00:04:50.830+0000] {http.py:121} INFO - Calling HTTP method
[2023-07-08T00:04:50.903+0000] {base.py:71} INFO - Using connection ID 'user_api' for task execution.
[2023-07-08T00:04:50.904+0000] {http.py:148} INFO - Sending 'GET' to url: https://randomuser.me/api/
[2023-07-08T00:04:51.305+0000] {http.py:125} INFO - {"results":[{"gender":"female","name":{"title":"Ms","first":"Heide","last":"Greb"},"location":{"street":{"number":6695,"name":"Kirchweg"},"city":"Preußisch Oldendorf","state":"Saarland","country":"Germany","postcode":56113,"coordinates":{"latitude":"-48.9694","longitude":"31.8809"},"timezone":{"offset":"-7:00","description":"Mountain Time (US & Canada)"}},"email":"heide.greb@example.com","login":{"uuid":"64e3a8bb-8ac3-41b7-bd7e-aaa25a516ac8","username":"whitemouse671","password":"joyjoy","salt":"NUpfRBB3","md5":"a50b600da67975bf9e48962f0957c598","sha1":"d0a8c9c0957cda6d28ffcfa824cc44542c3b6d73","sha256":"b81c8d46bb0253f3a00c726260e56ce057bcdf82b66038c68eb07d17f0a5ac66"},"dob":{"date":"1982-05-11T07:51:16.879Z","age":41},"registered":{"date":"2005-05-17T21:40:44.858Z","age":18},"phone":"0631-4675375","cell":"0171-4973209","id":{"name":"SVNR","value":"20 110582 G 574"},"picture":{"large":"https://randomuser.me/api/portraits/women/34.jpg","medium":"https://randomuser.me/api/portraits/med/women/34.jpg","thumbnail":"https://randomuser.me/api/portraits/thumb/women/34.jpg"},"nat":"DE"}],"info":{"seed":"6526cd14ead877cb","results":1,"page":1,"version":"1.4"}}
[2023-07-08T00:04:51.331+0000] {taskinstance.py:1406} INFO - Marking task as SUCCESS. dag_id=user_processing, task_id=extract_user, execution_date=20230707T000000, start_date=20230708T000450, end_date=20230708T000451
[2023-07-08T00:04:51.360+0000] {local_task_job.py:164} INFO - Task exited with return code 0
[2023-07-08T00:04:51.412+0000] {local_task_job.py:273} INFO - 0 downstream tasks scheduled from follow-on schedule check
