[2023-07-06T00:07:29.605+0000] {taskinstance.py:1165} INFO - Dependencies all met for <TaskInstance: user_processing.create_table scheduled__2023-07-05T00:00:00+00:00 [queued]>
[2023-07-06T00:07:29.615+0000] {taskinstance.py:1165} INFO - Dependencies all met for <TaskInstance: user_processing.create_table scheduled__2023-07-05T00:00:00+00:00 [queued]>
[2023-07-06T00:07:29.618+0000] {taskinstance.py:1362} INFO - 
--------------------------------------------------------------------------------
[2023-07-06T00:07:29.622+0000] {taskinstance.py:1363} INFO - Starting attempt 1 of 1
[2023-07-06T00:07:29.622+0000] {taskinstance.py:1364} INFO - 
--------------------------------------------------------------------------------
[2023-07-06T00:07:29.636+0000] {taskinstance.py:1383} INFO - Executing <Task(PostgresOperator): create_table> on 2023-07-05 00:00:00+00:00
[2023-07-06T00:07:29.643+0000] {standard_task_runner.py:55} INFO - Started process 14117 to run task
[2023-07-06T00:07:29.647+0000] {standard_task_runner.py:82} INFO - Running: ['***', 'tasks', 'run', 'user_processing', 'create_table', 'scheduled__2023-07-05T00:00:00+00:00', '--job-id', '34', '--raw', '--subdir', 'DAGS_FOLDER/user_processing.py', '--cfg-path', '/tmp/tmpcmb9iqc_']
[2023-07-06T00:07:29.650+0000] {standard_task_runner.py:83} INFO - Job 34: Subtask create_table
[2023-07-06T00:07:29.709+0000] {task_command.py:376} INFO - Running <TaskInstance: user_processing.create_table scheduled__2023-07-05T00:00:00+00:00 [running]> on host 1c40fa061aa3
[2023-07-06T00:07:29.781+0000] {taskinstance.py:1592} INFO - Exporting the following env vars:
AIRFLOW_CTX_DAG_OWNER=***
AIRFLOW_CTX_DAG_ID=user_processing
AIRFLOW_CTX_TASK_ID=create_table
AIRFLOW_CTX_EXECUTION_DATE=2023-07-05T00:00:00+00:00
AIRFLOW_CTX_TRY_NUMBER=1
AIRFLOW_CTX_DAG_RUN_ID=scheduled__2023-07-05T00:00:00+00:00
[2023-07-06T00:07:29.797+0000] {base.py:71} INFO - Using connection ID 'postgres' for task execution.
[2023-07-06T00:07:29.805+0000] {sql.py:315} INFO - Running statement: 
            CREATE TABLE IF NOT EXISTS users (
                firstname TEXT NOT NULL,
                lastname TEXT NOT NULL,
                country TEXT NOT NULL,
                username TEXT NOT NULL,
                password TEXT NOT NULL,
                email TEXT NOT NULL
            );
        , parameters: None
[2023-07-06T00:07:29.806+0000] {postgres.py:96} INFO - NOTICE:  relation "users" already exists, skipping

[2023-07-06T00:07:29.818+0000] {taskinstance.py:1406} INFO - Marking task as SUCCESS. dag_id=user_processing, task_id=create_table, execution_date=20230705T000000, start_date=20230706T000729, end_date=20230706T000729
[2023-07-06T00:07:29.862+0000] {local_task_job.py:164} INFO - Task exited with return code 0
[2023-07-06T00:07:29.886+0000] {local_task_job.py:273} INFO - 1 downstream tasks scheduled from follow-on schedule check
