[2023-07-02T11:20:05.566+0000] {taskinstance.py:1165} INFO - Dependencies all met for <TaskInstance: user_processing.process_user manual__2023-07-02T11:19:58.973201+00:00 [queued]>
[2023-07-02T11:20:05.571+0000] {taskinstance.py:1165} INFO - Dependencies all met for <TaskInstance: user_processing.process_user manual__2023-07-02T11:19:58.973201+00:00 [queued]>
[2023-07-02T11:20:05.571+0000] {taskinstance.py:1362} INFO - 
--------------------------------------------------------------------------------
[2023-07-02T11:20:05.572+0000] {taskinstance.py:1363} INFO - Starting attempt 1 of 1
[2023-07-02T11:20:05.572+0000] {taskinstance.py:1364} INFO - 
--------------------------------------------------------------------------------
[2023-07-02T11:20:05.578+0000] {taskinstance.py:1383} INFO - Executing <Task(PythonOperator): process_user> on 2023-07-02 11:19:58.973201+00:00
[2023-07-02T11:20:05.582+0000] {standard_task_runner.py:55} INFO - Started process 223 to run task
[2023-07-02T11:20:05.586+0000] {standard_task_runner.py:82} INFO - Running: ['***', 'tasks', 'run', 'user_processing', 'process_user', 'manual__2023-07-02T11:19:58.973201+00:00', '--job-id', '17', '--raw', '--subdir', 'DAGS_FOLDER/user_processing.py', '--cfg-path', '/tmp/tmpdhs2jmmk']
[2023-07-02T11:20:05.587+0000] {standard_task_runner.py:83} INFO - Job 17: Subtask process_user
[2023-07-02T11:20:05.645+0000] {task_command.py:376} INFO - Running <TaskInstance: user_processing.process_user manual__2023-07-02T11:19:58.973201+00:00 [running]> on host 1c40fa061aa3
[2023-07-02T11:20:05.697+0000] {taskinstance.py:1592} INFO - Exporting the following env vars:
AIRFLOW_CTX_DAG_OWNER=***
AIRFLOW_CTX_DAG_ID=user_processing
AIRFLOW_CTX_TASK_ID=process_user
AIRFLOW_CTX_EXECUTION_DATE=2023-07-02T11:19:58.973201+00:00
AIRFLOW_CTX_TRY_NUMBER=1
AIRFLOW_CTX_DAG_RUN_ID=manual__2023-07-02T11:19:58.973201+00:00
[2023-07-02T11:20:05.715+0000] {python.py:177} INFO - Done. Returned value was: None
[2023-07-02T11:20:05.725+0000] {taskinstance.py:1406} INFO - Marking task as SUCCESS. dag_id=user_processing, task_id=process_user, execution_date=20230702T111958, start_date=20230702T112005, end_date=20230702T112005
[2023-07-02T11:20:05.757+0000] {local_task_job.py:164} INFO - Task exited with return code 0
[2023-07-02T11:20:05.773+0000] {local_task_job.py:273} INFO - 1 downstream tasks scheduled from follow-on schedule check
