[2023-07-05T00:05:21.527+0000] {taskinstance.py:1165} INFO - Dependencies all met for <TaskInstance: user_processing.extract_user scheduled__2023-07-04T00:00:00+00:00 [queued]>
[2023-07-05T00:05:21.536+0000] {taskinstance.py:1165} INFO - Dependencies all met for <TaskInstance: user_processing.extract_user scheduled__2023-07-04T00:00:00+00:00 [queued]>
[2023-07-05T00:05:21.536+0000] {taskinstance.py:1362} INFO - 
--------------------------------------------------------------------------------
[2023-07-05T00:05:21.536+0000] {taskinstance.py:1363} INFO - Starting attempt 1 of 1
[2023-07-05T00:05:21.536+0000] {taskinstance.py:1364} INFO - 
--------------------------------------------------------------------------------
[2023-07-05T00:05:21.549+0000] {taskinstance.py:1383} INFO - Executing <Task(SimpleHttpOperator): extract_user> on 2023-07-04 00:00:00+00:00
[2023-07-05T00:05:21.554+0000] {standard_task_runner.py:55} INFO - Started process 74884 to run task
[2023-07-05T00:05:21.558+0000] {standard_task_runner.py:82} INFO - Running: ['***', 'tasks', 'run', 'user_processing', 'extract_user', 'scheduled__2023-07-04T00:00:00+00:00', '--job-id', '31', '--raw', '--subdir', 'DAGS_FOLDER/user_processing.py', '--cfg-path', '/tmp/tmp1gzj4act']
[2023-07-05T00:05:21.563+0000] {standard_task_runner.py:83} INFO - Job 31: Subtask extract_user
[2023-07-05T00:05:21.675+0000] {task_command.py:376} INFO - Running <TaskInstance: user_processing.extract_user scheduled__2023-07-04T00:00:00+00:00 [running]> on host 1c40fa061aa3
[2023-07-05T00:05:21.745+0000] {taskinstance.py:1592} INFO - Exporting the following env vars:
AIRFLOW_CTX_DAG_OWNER=***
AIRFLOW_CTX_DAG_ID=user_processing
AIRFLOW_CTX_TASK_ID=extract_user
AIRFLOW_CTX_EXECUTION_DATE=2023-07-04T00:00:00+00:00
AIRFLOW_CTX_TRY_NUMBER=1
AIRFLOW_CTX_DAG_RUN_ID=scheduled__2023-07-04T00:00:00+00:00
[2023-07-05T00:05:21.745+0000] {http.py:121} INFO - Calling HTTP method
[2023-07-05T00:05:21.759+0000] {base.py:71} INFO - Using connection ID 'user_api' for task execution.
[2023-07-05T00:05:21.761+0000] {http.py:148} INFO - Sending 'GET' to url: https://randomuser.me/api/
[2023-07-05T00:05:22.423+0000] {http.py:125} INFO - {"results":[{"gender":"female","name":{"title":"Ms","first":"Peppi","last":"Ylitalo"},"location":{"street":{"number":3638,"name":"Otavalankatu"},"city":"Loppi","state":"Kymenlaakso","country":"Finland","postcode":57795,"coordinates":{"latitude":"-23.6329","longitude":"156.8328"},"timezone":{"offset":"+5:45","description":"Kathmandu"}},"email":"peppi.ylitalo@example.com","login":{"uuid":"bfab5873-8950-4126-be03-c00a44c08af8","username":"brownrabbit116","password":"5050","salt":"Kwbflxn6","md5":"cf8011610d5f7e56079f1c0316abf99f","sha1":"3d3c7655755b82a31d2764b35779c163ede382ec","sha256":"1cd450478354336f25afeffc746f3728e03934492304728b096448d2d7ef5894"},"dob":{"date":"1945-08-07T05:43:42.159Z","age":77},"registered":{"date":"2015-10-25T00:24:47.757Z","age":7},"phone":"04-705-695","cell":"048-766-79-12","id":{"name":"HETU","value":"NaNNA950undefined"},"picture":{"large":"https://randomuser.me/api/portraits/women/28.jpg","medium":"https://randomuser.me/api/portraits/med/women/28.jpg","thumbnail":"https://randomuser.me/api/portraits/thumb/women/28.jpg"},"nat":"FI"}],"info":{"seed":"8a49fcb610a4a014","results":1,"page":1,"version":"1.4"}}
[2023-07-05T00:05:22.446+0000] {taskinstance.py:1406} INFO - Marking task as SUCCESS. dag_id=user_processing, task_id=extract_user, execution_date=20230704T000000, start_date=20230705T000521, end_date=20230705T000522
[2023-07-05T00:05:22.467+0000] {local_task_job.py:164} INFO - Task exited with return code 0
[2023-07-05T00:05:22.493+0000] {local_task_job.py:273} INFO - 1 downstream tasks scheduled from follow-on schedule check
