[2023-07-08T04:30:47.827+0000] {taskinstance.py:1165} INFO - Dependencies all met for <TaskInstance: group_dag.transforms.transform_b scheduled__2023-07-07T00:00:00+00:00 [queued]>
[2023-07-08T04:30:47.834+0000] {taskinstance.py:1165} INFO - Dependencies all met for <TaskInstance: group_dag.transforms.transform_b scheduled__2023-07-07T00:00:00+00:00 [queued]>
[2023-07-08T04:30:47.835+0000] {taskinstance.py:1362} INFO - 
--------------------------------------------------------------------------------
[2023-07-08T04:30:47.837+0000] {taskinstance.py:1363} INFO - Starting attempt 1 of 1
[2023-07-08T04:30:47.838+0000] {taskinstance.py:1364} INFO - 
--------------------------------------------------------------------------------
[2023-07-08T04:30:47.852+0000] {taskinstance.py:1383} INFO - Executing <Task(BashOperator): transforms.transform_b> on 2023-07-07 00:00:00+00:00
[2023-07-08T04:30:47.855+0000] {standard_task_runner.py:55} INFO - Started process 90913 to run task
[2023-07-08T04:30:47.861+0000] {standard_task_runner.py:82} INFO - Running: ['***', 'tasks', 'run', 'group_dag', 'transforms.transform_b', 'scheduled__2023-07-07T00:00:00+00:00', '--job-id', '59', '--raw', '--subdir', 'DAGS_FOLDER/group_dag.py', '--cfg-path', '/tmp/tmptu5lm12q']
[2023-07-08T04:30:47.862+0000] {standard_task_runner.py:83} INFO - Job 59: Subtask transforms.transform_b
[2023-07-08T04:30:47.957+0000] {task_command.py:376} INFO - Running <TaskInstance: group_dag.transforms.transform_b scheduled__2023-07-07T00:00:00+00:00 [running]> on host 1c40fa061aa3
[2023-07-08T04:30:48.036+0000] {taskinstance.py:1592} INFO - Exporting the following env vars:
AIRFLOW_CTX_DAG_OWNER=***
AIRFLOW_CTX_DAG_ID=group_dag
AIRFLOW_CTX_TASK_ID=transforms.transform_b
AIRFLOW_CTX_EXECUTION_DATE=2023-07-07T00:00:00+00:00
AIRFLOW_CTX_TRY_NUMBER=1
AIRFLOW_CTX_DAG_RUN_ID=scheduled__2023-07-07T00:00:00+00:00
[2023-07-08T04:30:48.037+0000] {subprocess.py:63} INFO - Tmp dir root location: 
 /tmp
[2023-07-08T04:30:48.038+0000] {subprocess.py:75} INFO - Running command: ['/bin/bash', '-c', 'sleep 10']
[2023-07-08T04:30:48.049+0000] {subprocess.py:86} INFO - Output:
[2023-07-08T04:30:58.054+0000] {subprocess.py:97} INFO - Command exited with return code 0
[2023-07-08T04:30:58.148+0000] {taskinstance.py:1406} INFO - Marking task as SUCCESS. dag_id=group_dag, task_id=transforms.transform_b, execution_date=20230707T000000, start_date=20230708T043047, end_date=20230708T043058
[2023-07-08T04:30:58.193+0000] {local_task_job.py:164} INFO - Task exited with return code 0
[2023-07-08T04:30:58.229+0000] {local_task_job.py:273} INFO - 0 downstream tasks scheduled from follow-on schedule check
