[2023-07-08T04:30:23.995+0000] {taskinstance.py:1165} INFO - Dependencies all met for <TaskInstance: group_dag.downloads.download_a scheduled__2023-07-07T00:00:00+00:00 [queued]>
[2023-07-08T04:30:24.003+0000] {taskinstance.py:1165} INFO - Dependencies all met for <TaskInstance: group_dag.downloads.download_a scheduled__2023-07-07T00:00:00+00:00 [queued]>
[2023-07-08T04:30:24.004+0000] {taskinstance.py:1362} INFO - 
--------------------------------------------------------------------------------
[2023-07-08T04:30:24.004+0000] {taskinstance.py:1363} INFO - Starting attempt 1 of 1
[2023-07-08T04:30:24.004+0000] {taskinstance.py:1364} INFO - 
--------------------------------------------------------------------------------
[2023-07-08T04:30:24.015+0000] {taskinstance.py:1383} INFO - Executing <Task(BashOperator): downloads.download_a> on 2023-07-07 00:00:00+00:00
[2023-07-08T04:30:24.021+0000] {standard_task_runner.py:55} INFO - Started process 90869 to run task
[2023-07-08T04:30:24.025+0000] {standard_task_runner.py:82} INFO - Running: ['***', 'tasks', 'run', 'group_dag', 'downloads.download_a', 'scheduled__2023-07-07T00:00:00+00:00', '--job-id', '52', '--raw', '--subdir', 'DAGS_FOLDER/group_dag.py', '--cfg-path', '/tmp/tmpckvt0ohg']
[2023-07-08T04:30:24.025+0000] {standard_task_runner.py:83} INFO - Job 52: Subtask downloads.download_a
[2023-07-08T04:30:24.131+0000] {task_command.py:376} INFO - Running <TaskInstance: group_dag.downloads.download_a scheduled__2023-07-07T00:00:00+00:00 [running]> on host 1c40fa061aa3
[2023-07-08T04:30:24.237+0000] {taskinstance.py:1592} INFO - Exporting the following env vars:
AIRFLOW_CTX_DAG_OWNER=***
AIRFLOW_CTX_DAG_ID=group_dag
AIRFLOW_CTX_TASK_ID=downloads.download_a
AIRFLOW_CTX_EXECUTION_DATE=2023-07-07T00:00:00+00:00
AIRFLOW_CTX_TRY_NUMBER=1
AIRFLOW_CTX_DAG_RUN_ID=scheduled__2023-07-07T00:00:00+00:00
[2023-07-08T04:30:24.248+0000] {subprocess.py:63} INFO - Tmp dir root location: 
 /tmp
[2023-07-08T04:30:24.249+0000] {subprocess.py:75} INFO - Running command: ['/bin/bash', '-c', 'sleep 10']
[2023-07-08T04:30:24.280+0000] {subprocess.py:86} INFO - Output:
[2023-07-08T04:30:34.383+0000] {subprocess.py:97} INFO - Command exited with return code 0
[2023-07-08T04:30:34.417+0000] {taskinstance.py:1406} INFO - Marking task as SUCCESS. dag_id=group_dag, task_id=downloads.download_a, execution_date=20230707T000000, start_date=20230708T043023, end_date=20230708T043034
[2023-07-08T04:30:34.480+0000] {local_task_job.py:164} INFO - Task exited with return code 0
[2023-07-08T04:30:34.518+0000] {local_task_job.py:273} INFO - 0 downstream tasks scheduled from follow-on schedule check
