[2023-07-07T14:15:03.806+0000] {processor.py:154} INFO - Started process (PID=43914) to work on /opt/airflow/dags/subdags/subdags_transforms.py
[2023-07-07T14:15:03.807+0000] {processor.py:756} INFO - Processing file /opt/airflow/dags/subdags/subdags_transforms.py for tasks to queue
[2023-07-07T14:15:03.807+0000] {logging_mixin.py:120} INFO - [2023-07-07T14:15:03.807+0000] {dagbag.py:537} INFO - Filling up the DagBag from /opt/airflow/dags/subdags/subdags_transforms.py
[2023-07-07T14:15:03.815+0000] {processor.py:768} WARNING - No viable dags retrieved from /opt/airflow/dags/subdags/subdags_transforms.py
[2023-07-07T14:15:03.828+0000] {processor.py:176} INFO - Processing /opt/airflow/dags/subdags/subdags_transforms.py took 0.025 seconds
[2023-07-07T14:15:33.932+0000] {processor.py:154} INFO - Started process (PID=43983) to work on /opt/airflow/dags/subdags/subdags_transforms.py
[2023-07-07T14:15:33.933+0000] {processor.py:756} INFO - Processing file /opt/airflow/dags/subdags/subdags_transforms.py for tasks to queue
[2023-07-07T14:15:33.934+0000] {logging_mixin.py:120} INFO - [2023-07-07T14:15:33.933+0000] {dagbag.py:537} INFO - Filling up the DagBag from /opt/airflow/dags/subdags/subdags_transforms.py
[2023-07-07T14:15:33.940+0000] {processor.py:768} WARNING - No viable dags retrieved from /opt/airflow/dags/subdags/subdags_transforms.py
[2023-07-07T14:15:33.956+0000] {processor.py:176} INFO - Processing /opt/airflow/dags/subdags/subdags_transforms.py took 0.028 seconds
[2023-07-07T14:16:04.549+0000] {processor.py:154} INFO - Started process (PID=44043) to work on /opt/airflow/dags/subdags/subdags_transforms.py
[2023-07-07T14:16:04.552+0000] {processor.py:756} INFO - Processing file /opt/airflow/dags/subdags/subdags_transforms.py for tasks to queue
[2023-07-07T14:16:04.554+0000] {logging_mixin.py:120} INFO - [2023-07-07T14:16:04.553+0000] {dagbag.py:537} INFO - Filling up the DagBag from /opt/airflow/dags/subdags/subdags_transforms.py
[2023-07-07T14:16:04.566+0000] {processor.py:768} WARNING - No viable dags retrieved from /opt/airflow/dags/subdags/subdags_transforms.py
[2023-07-07T14:16:04.588+0000] {processor.py:176} INFO - Processing /opt/airflow/dags/subdags/subdags_transforms.py took 0.042 seconds
[2023-07-07T14:16:35.448+0000] {processor.py:154} INFO - Started process (PID=44111) to work on /opt/airflow/dags/subdags/subdags_transforms.py
[2023-07-07T14:16:35.449+0000] {processor.py:756} INFO - Processing file /opt/airflow/dags/subdags/subdags_transforms.py for tasks to queue
[2023-07-07T14:16:35.450+0000] {logging_mixin.py:120} INFO - [2023-07-07T14:16:35.450+0000] {dagbag.py:537} INFO - Filling up the DagBag from /opt/airflow/dags/subdags/subdags_transforms.py
[2023-07-07T14:16:35.457+0000] {processor.py:768} WARNING - No viable dags retrieved from /opt/airflow/dags/subdags/subdags_transforms.py
[2023-07-07T14:16:35.474+0000] {processor.py:176} INFO - Processing /opt/airflow/dags/subdags/subdags_transforms.py took 0.032 seconds
[2023-07-07T14:17:06.421+0000] {processor.py:154} INFO - Started process (PID=44180) to work on /opt/airflow/dags/subdags/subdags_transforms.py
[2023-07-07T14:17:06.422+0000] {processor.py:756} INFO - Processing file /opt/airflow/dags/subdags/subdags_transforms.py for tasks to queue
[2023-07-07T14:17:06.423+0000] {logging_mixin.py:120} INFO - [2023-07-07T14:17:06.423+0000] {dagbag.py:537} INFO - Filling up the DagBag from /opt/airflow/dags/subdags/subdags_transforms.py
[2023-07-07T14:17:06.432+0000] {processor.py:768} WARNING - No viable dags retrieved from /opt/airflow/dags/subdags/subdags_transforms.py
[2023-07-07T14:17:06.453+0000] {processor.py:176} INFO - Processing /opt/airflow/dags/subdags/subdags_transforms.py took 0.035 seconds
