[2023-07-08T04:30:22.596+0000] {taskinstance.py:1165} INFO - Dependencies all met for <TaskInstance: xcom_dag.t2 scheduled__2023-07-07T00:00:00+00:00 [queued]>
[2023-07-08T04:30:22.604+0000] {taskinstance.py:1165} INFO - Dependencies all met for <TaskInstance: xcom_dag.t2 scheduled__2023-07-07T00:00:00+00:00 [queued]>
[2023-07-08T04:30:22.604+0000] {taskinstance.py:1362} INFO - 
--------------------------------------------------------------------------------
[2023-07-08T04:30:22.604+0000] {taskinstance.py:1363} INFO - Starting attempt 1 of 1
[2023-07-08T04:30:22.604+0000] {taskinstance.py:1364} INFO - 
--------------------------------------------------------------------------------
[2023-07-08T04:30:22.612+0000] {taskinstance.py:1383} INFO - Executing <Task(PythonOperator): t2> on 2023-07-07 00:00:00+00:00
[2023-07-08T04:30:22.617+0000] {standard_task_runner.py:55} INFO - Started process 90866 to run task
[2023-07-08T04:30:22.621+0000] {standard_task_runner.py:82} INFO - Running: ['***', 'tasks', 'run', 'xcom_dag', 't2', 'scheduled__2023-07-07T00:00:00+00:00', '--job-id', '51', '--raw', '--subdir', 'DAGS_FOLDER/xcom_dag.py', '--cfg-path', '/tmp/tmp0xt257yj']
[2023-07-08T04:30:22.621+0000] {standard_task_runner.py:83} INFO - Job 51: Subtask t2
[2023-07-08T04:30:22.684+0000] {task_command.py:376} INFO - Running <TaskInstance: xcom_dag.t2 scheduled__2023-07-07T00:00:00+00:00 [running]> on host 1c40fa061aa3
[2023-07-08T04:30:22.746+0000] {taskinstance.py:1592} INFO - Exporting the following env vars:
AIRFLOW_CTX_DAG_OWNER=***
AIRFLOW_CTX_DAG_ID=xcom_dag
AIRFLOW_CTX_TASK_ID=t2
AIRFLOW_CTX_EXECUTION_DATE=2023-07-07T00:00:00+00:00
AIRFLOW_CTX_TRY_NUMBER=1
AIRFLOW_CTX_DAG_RUN_ID=scheduled__2023-07-07T00:00:00+00:00
[2023-07-08T04:30:22.762+0000] {python.py:177} INFO - Done. Returned value was: None
[2023-07-08T04:30:22.776+0000] {taskinstance.py:1406} INFO - Marking task as SUCCESS. dag_id=xcom_dag, task_id=t2, execution_date=20230707T000000, start_date=20230708T043022, end_date=20230708T043022
[2023-07-08T04:30:22.793+0000] {local_task_job.py:164} INFO - Task exited with return code 0
[2023-07-08T04:30:22.814+0000] {local_task_job.py:273} INFO - 1 downstream tasks scheduled from follow-on schedule check
